[0.013s] Invoking command in '/home/go/motor_ws/build/md_controller': CMAKE_PREFIX_PATH=${CMAKE_PREFIX_PATH}:/home/go/ros2_ws/install/md_teleop:/home/go/ros2_ws/src/human_tracker/install/human_tracker:/home/go/ros2_ws/src/sim_test/install/sim_test:/opt/ros/humble /usr/bin/cmake --build /home/go/motor_ws/build/md_controller -- -j16 -l16
[0.085s] [35m[1mConsolidate compiler generated dependencies of target md_controller[0m
[0.119s] [ 33%] [32mBuilding CXX object CMakeFiles/md_controller.dir/src/md_controller.cpp.o[0m
[0.119s] [ 66%] [32mBuilding CXX object CMakeFiles/md_controller.dir/src/com.cpp.o[0m
[1.820s] [01m[K/home/go/motor_ws/src/md_controller/src/com.cpp:[m[K In function â€˜[01m[Kint PutMdData(BYTE, BYTE, int, int*)[m[Kâ€™:
[1.820s] [01m[K/home/go/motor_ws/src/md_controller/src/com.cpp:53:11:[m[K [01;35m[Kwarning: [m[Kunused variable â€˜[01m[KiData[m[Kâ€™ [[01;35m[K]8;;https://gcc.gnu.org/onlinedocs/gcc/Warning-Options.html#index-Wunused-variable-Wunused-variable]8;;[m[K]
[1.820s]    53 |     IByte [01;35m[KiData[m[K;
[1.820s]       |           [01;35m[K^~~~~[m[K
[1.821s] [01m[K/home/go/motor_ws/src/md_controller/src/com.cpp:[m[K In function â€˜[01m[Kint MdReceiveProc()[m[Kâ€™:
[1.821s] [01m[K/home/go/motor_ws/src/md_controller/src/com.cpp:137:10:[m[K [01;35m[Kwarning: [m[Kvariable â€˜[01m[KbyRcvRMID[m[Kâ€™ set but not used [[01;35m[K]8;;https://gcc.gnu.org/onlinedocs/gcc/Warning-Options.html#index-Wunused-but-set-variable-Wunused-but-set-variable]8;;[m[K]
[1.821s]   137 |     BYTE [01;35m[KbyRcvRMID[m[K, byRcvTMID, byRcvID, byRcvPID, byRcvDataSize;
[1.821s]       |          [01;35m[K^~~~~~~~~[m[K
[1.821s] [01m[K/home/go/motor_ws/src/md_controller/src/com.cpp:137:21:[m[K [01;35m[Kwarning: [m[Kvariable â€˜[01m[KbyRcvTMID[m[Kâ€™ set but not used [[01;35m[K]8;;https://gcc.gnu.org/onlinedocs/gcc/Warning-Options.html#index-Wunused-but-set-variable-Wunused-but-set-variable]8;;[m[K]
[1.821s]   137 |     BYTE byRcvRMID, [01;35m[KbyRcvTMID[m[K, byRcvID, byRcvPID, byRcvDataSize;
[1.821s]       |                     [01;35m[K^~~~~~~~~[m[K
[1.821s] [01m[K/home/go/motor_ws/src/md_controller/src/com.cpp:137:32:[m[K [01;35m[Kwarning: [m[Kvariable â€˜[01m[KbyRcvID[m[Kâ€™ set but not used [[01;35m[K]8;;https://gcc.gnu.org/onlinedocs/gcc/Warning-Options.html#index-Wunused-but-set-variable-Wunused-but-set-variable]8;;[m[K]
[1.821s]   137 |     BYTE byRcvRMID, byRcvTMID, [01;35m[KbyRcvID[m[K, byRcvPID, byRcvDataSize;
[1.821s]       |                                [01;35m[K^~~~~~~[m[K
[1.821s] [01m[K/home/go/motor_ws/src/md_controller/src/com.cpp:137:51:[m[K [01;35m[Kwarning: [m[Kvariable â€˜[01m[KbyRcvDataSize[m[Kâ€™ set but not used [[01;35m[K]8;;https://gcc.gnu.org/onlinedocs/gcc/Warning-Options.html#index-Wunused-but-set-variable-Wunused-but-set-variable]8;;[m[K]
[1.821s]   137 |     BYTE byRcvRMID, byRcvTMID, byRcvID, byRcvPID, [01;35m[KbyRcvDataSize[m[K;
[1.821s]       |                                                   [01;35m[K^~~~~~~~~~~~~[m[K
[1.824s] [01m[K/home/go/motor_ws/src/md_controller/src/md_controller.cpp:[m[K In function â€˜[01m[Kint main(int, char**)[m[Kâ€™:
[1.824s] [01m[K/home/go/motor_ws/src/md_controller/src/md_controller.cpp:22:5:[m[K [01;31m[Kerror: [m[Kâ€˜[01m[KComSetDebug[m[Kâ€™ was not declared in this scope
[1.824s]    22 |     [01;31m[KComSetDebug[m[K(true);
[1.824s]       |     [01;31m[K^~~~~~~~~~~[m[K
[3.503s] gmake[2]: *** [CMakeFiles/md_controller.dir/build.make:76: CMakeFiles/md_controller.dir/src/md_controller.cpp.o] Error 1
[3.503s] gmake[1]: *** [CMakeFiles/Makefile2:137: CMakeFiles/md_controller.dir/all] Error 2
[3.504s] gmake: *** [Makefile:146: all] Error 2
[3.507s] Invoked command in '/home/go/motor_ws/build/md_controller' returned '2': CMAKE_PREFIX_PATH=${CMAKE_PREFIX_PATH}:/home/go/ros2_ws/install/md_teleop:/home/go/ros2_ws/src/human_tracker/install/human_tracker:/home/go/ros2_ws/src/sim_test/install/sim_test:/opt/ros/humble /usr/bin/cmake --build /home/go/motor_ws/build/md_controller -- -j16 -l16
