[0.014s] Invoking command in '/home/go/motor_ws/build/md_controller': CMAKE_PREFIX_PATH=${CMAKE_PREFIX_PATH}:/home/go/ros2_ws/install/md_teleop:/home/go/ros2_ws/src/human_tracker/install/human_tracker:/home/go/ros2_ws/src/sim_test/install/sim_test:/opt/ros/humble /usr/bin/cmake --build /home/go/motor_ws/build/md_controller -- -j16 -l16
[0.050s] [35m[1mConsolidate compiler generated dependencies of target md_controller[0m
[0.069s] [ 33%] [32mBuilding CXX object CMakeFiles/md_controller.dir/src/md_controller.cpp.o[0m
[1.705s] [01m[K/home/go/motor_ws/src/md_controller/src/md_controller.cpp:[m[K In function â€˜[01m[Kint main(int, char**)[m[Kâ€™:
[1.705s] [01m[K/home/go/motor_ws/src/md_controller/src/md_controller.cpp:22:5:[m[K [01;31m[Kerror: [m[Kâ€˜[01m[KComSetDebug[m[Kâ€™ was not declared in this scope
[1.705s]    22 |     [01;31m[KComSetDebug[m[K(true);
[1.705s]       |     [01;31m[K^~~~~~~~~~~[m[K
[3.467s] gmake[2]: *** [CMakeFiles/md_controller.dir/build.make:76: CMakeFiles/md_controller.dir/src/md_controller.cpp.o] Error 1
[3.467s] gmake[1]: *** [CMakeFiles/Makefile2:137: CMakeFiles/md_controller.dir/all] Error 2
[3.468s] gmake: *** [Makefile:146: all] Error 2
[3.471s] Invoked command in '/home/go/motor_ws/build/md_controller' returned '2': CMAKE_PREFIX_PATH=${CMAKE_PREFIX_PATH}:/home/go/ros2_ws/install/md_teleop:/home/go/ros2_ws/src/human_tracker/install/human_tracker:/home/go/ros2_ws/src/sim_test/install/sim_test:/opt/ros/humble /usr/bin/cmake --build /home/go/motor_ws/build/md_controller -- -j16 -l16
