<?xml version="1.0" encoding="UTF-8"?>
<Site BuildName="(empty)"
	BuildStamp="20250831-1226-Experimental"
	Name="TUFA14"
	Generator="ctest-3.22.1"
	CompilerName="/usr/bin/g++"
	CompilerVersion="11.4.0"
	OSName="Linux"
	Hostname="TUFA14"
	OSRelease="6.8.0-65-generic"
	OSVersion="#68~22.04.1-Ubuntu SMP PREEMPT_DYNAMIC Tue Jul 15 18:06:34 UTC 2"
	OSPlatform="x86_64"
	Is64Bits="1"
	VendorString="AuthenticAMD"
	VendorID="Advanced Micro Devices"
	FamilyID="25"
	ModelID="117"
	ProcessorCacheSize="1024"
	NumberOfLogicalCPU="16"
	NumberOfPhysicalCPU="8"
	TotalVirtualMemory="2047"
	TotalPhysicalMemory="31377"
	LogicalProcessorsPerPhysical="2"
	ProcessorClockFrequency="4909.41"
	>
	<Testing>
		<StartDateTime>Aug 31 21:26 KST</StartDateTime>
		<StartTestTime>1756643216</StartTestTime>
		<TestList/>
		<EndDateTime>Aug 31 21:26 KST</EndDateTime>
		<EndTestTime>1756643216</EndTestTime>
		<ElapsedMinutes>0</ElapsedMinutes>
	</Testing>
</Site>
